[18:01:41.913][INFO]: Successfully injected RecipeFS file system
[18:01:41.970][INFO]: Successfully identified and loaded plugin crafttweaker:builtin
[18:01:41.971][INFO]: Successfully identified and loaded plugin crafttweaker:builtin_forge
[18:01:41.974][INFO]: Successfully identified and loaded plugin farmersdelight:crafttweaker_plugin
[18:01:42.653][INFO]: The following mods have explicit CraftTweaker support through the default plugin:
[18:01:42.655][INFO]: - 'aether' at version '1.19.2-1.4.2-forge'
[18:01:42.655][INFO]: - 'aquaculture' at version '1.19.2-2.4.17'
[18:01:42.655][INFO]: - 'crafttweaker' at version '10.1.55'
[18:01:42.655][INFO]: - 'farmersdelight' at version '1.19.2-1.2.4'
[18:01:42.655][INFO]: - 'gamestages' at version '11.1.4'
[18:01:42.655][INFO]: - 'itemstages' at version '5.1.4'
[18:01:54.767][INFO]: Started loading scripts for loader 'initialize'
[18:01:55.416][INFO]: Compiling and executing scripts
[18:01:55.499][INFO]: Successfully initialized modules [crafttweaker, expansions]
[18:01:55.623][INFO]: Execution for loader 'initialize' completed successfully
[18:02:06.683][INFO]: Started loading scripts for loader 'tags'
[18:02:06.718][INFO]: Compiling and executing scripts
[18:02:06.737][INFO]: Successfully initialized modules [crafttweaker, expansions]
[18:02:06.751][INFO]: Execution for loader 'tags' completed successfully
[18:02:12.219][INFO]: Started loading scripts for loader 'crafttweaker'
[18:02:12.247][INFO]: Compiling and executing scripts
[18:02:12.704][INFO]: Successfully initialized modules [mods, crafttweaker, expansions]
[18:02:12.710][INFO]: Loading file 'Cisco.zs' with priority 0
[18:02:12.753][INFO]: Hello world!
[18:02:12.756][INFO]: Adding 'minecraft:smithing' recipe, with name: 'crafttweaker:dreadsteel_chestplate' that outputs: '<item:dreadsteel:dreadsteel_chestplate>'
[18:02:12.758][INFO]: Adding 'minecraft:smithing' recipe, with name: 'crafttweaker:dreadsteel_helmet' that outputs: '<item:dreadsteel:dreadsteel_helmet>'
[18:02:12.758][INFO]: Adding 'minecraft:smithing' recipe, with name: 'crafttweaker:dreadsteel_boots' that outputs: '<item:dreadsteel:dreadsteel_boots>'
[18:02:12.758][INFO]: Adding 'minecraft:smithing' recipe, with name: 'crafttweaker:dreadsteel_leggings' that outputs: '<item:dreadsteel:dreadsteel_leggings>'
[18:02:12.758][INFO]: Adding 'minecraft:crafting' recipe, of type: "shapeless", with name: 'crafttweaker:dreadsteel_ingot_recipe' that outputs: '<item:dreadsteel:dreadsteel_ingot>'
[18:02:12.759][INFO]: Adding 'minecraft:crafting' recipe, of type: "shapeless", with name: 'crafttweaker:dreadsteel_scythe_recipe' that outputs: '<item:dreadsteel:dreadsteel_scythe>'
[18:02:12.759][INFO]: Adding 'minecraft:crafting' recipe, of type: "shapeless", with name: 'crafttweaker:dreadsteel_shield_recipe' that outputs: '<item:dreadsteel:dreadsteel_shield>'
[18:02:12.760][INFO]: Removing "minecraft:crafting" recipes with modid: "dreadsteel"
[18:02:12.762][INFO]: Adding 'minecraft:crafting' recipe, of type: "shapeless", with name: 'crafttweaker:amnesia_scroll' that outputs: '<item:skilltree:amnesia_scroll>'
[18:02:12.763][INFO]: Adding 'minecraft:crafting' recipe, of type: "shapeless", with name: 'crafttweaker:true_dragons_breath' that outputs: '<item:cisco_mod:true_dragons_breath>'
[18:02:12.766][INFO]: Adding 'minecraft:crafting' recipe, of type: "shapeless", with name: 'crafttweaker:rogue_eye' that outputs: '<item:endrem:rogue_eye>.withTag({Damage: 0})'
[18:02:12.766][INFO]: Adding 'minecraft:crafting' recipe, of type: "shapeless", with name: 'crafttweaker:undead_soul' that outputs: '<item:endrem:undead_soul>'
[18:02:12.766][INFO]: Adding 'minecraft:crafting' recipe, of type: "shapeless", with name: 'crafttweaker:demonium_ingot_recipe' that outputs: '<item:cisco_mod:demonium_ingot>'
[18:02:12.766][INFO]: Adding 'minecraft:crafting' recipe, of type: "shapeless", with name: 'crafttweaker:frigidium_ingot_recipe' that outputs: '<item:cisco_mod:frigidiumingot>'
[18:02:12.766][INFO]: Execution for loader 'crafttweaker' completed successfully
[18:02:12.768][INFO]: This reload was made possible by Jordan Pineo and more! Become a patron at https://patreon.com/jaredlll08?s=crtmod
